build/app/outputs/mapping/release/seeds.txt
com.example.testing.MainActivity
com.example.testing.MainActivity: MainActivity()
...
com.pichillilorenzo.flutter_inappwebview.R$id: int search_voice_btn
com.pichillilorenzo.flutter_inappwebview.types.WebMessageListener: void onMethodCall(io.flutter.plugin.common.MethodCall,io.flutter.plugin.common.MethodChannel$Result)
com.pichillilorenzo.flutter_inappwebview.R$styleable: int GradientColor_android_endColor
androidx.window.embedding.ExtensionEmbeddingBackend$SplitListenerWrapper: java.util.List lastValue
com.pichillilorenzo.flutter_inappwebview.types.WebMessageChannel: java.util.Map toMap()
org.chromium.support_lib_boundary.WebMessageCallbackBoundaryInterface: void onMessage(java.lang.reflect.InvocationHandler,java.lang.reflect.InvocationHandler)
com.pichillilorenzo.flutter_inappwebview.R$anim: int btn_checkbox_to_unchecked_check_path_merged_animation
com.pichillilorenzo.flutter_inappwebview.R$styleable: int GradientColor_android_gradientRadius
io.flutter.embedding.engine.FlutterJNI: void nativeRunBundleAndSnapshotFromLibrary(long,java.lang.String,java.lang.String,java.lang.String,android.content.res.AssetManager,java.util.List)
com.pichillilorenzo.flutter_inappwebview.R$drawable: int abc_btn_check_material
com.pichillilorenzo.flutter_inappwebview.chrome_custom_tabs.ActionBroadcastReceiver: ActionBroadcastReceiver()
com.pierfrancescosoffritti.androidyoutubeplayer.core.ui.views.YouTubePlayerSeekBar: YouTubePlayerSeekBar(android.content.Context,android.util.AttributeSet)
androidx.appcompat.widget.ActionBarOverlayLayout: void setLogo(int)
com.pichillilorenzo.flutter_inappwebview.plugin_scripts_js.OnWindowFocusEventJS: com.pichillilorenzo.flutter_inappwebview.types.PluginScript ON_WINDOW_FOCUS_EVENT_JS_PLUGIN_SCRIPT
androidx.window.layout.SidecarAdapter: java.lang.String access$getTAG$cp()
androidx.appcompat.widget.AppCompatAutoCompleteTextView: void setDropDownBackgroundResource(int)
androidx.swiperefreshlayout.widget.SwipeRefreshLayout: androidx.core.view.NestedScrollingParentHelper mNestedScrollingParentHelper
com.pichillilorenzo.flutter_inappwebview.in_app_webview.InAppWebViewChromeClient$13: InAppWebViewChromeClient$13(com.pichillilorenzo.flutter_inappwebview.in_app_webview.InAppWebViewChromeClient,android.webkit.JsResult)
androidx.swiperefreshlayout.widget.SwipeRefreshLayout: int mSpinnerOffsetEnd
com.pichillilorenzo.flutter_inappwebview.R$style: int Base_TextAppearance_AppCompat_Menu
androidx.window.embedding.ExtensionEmbeddingBackend: androidx.window.embedding.ExtensionEmbeddingBackend$Companion Companion
com.pichillilorenzo.flutter_inappwebview.types.UserContentController: boolean containsUserOnlyScript(com.pichillilorenzo.flutter_inappwebview.types.UserScript)
androidx.core.content.FileProvider: java.lang.String TAG_EXTERNAL_MEDIA
androidx.appcompat.widget.ButtonBarLayout: int getMinimumHeight()
com.pichillilorenzo.flutter_inappwebview.R$drawable: int abc_text_select_handle_right_mtrl_dark
com.google.android.exoplayer2.metadata.emsg.EventMessage: android.os.Parcelable$Creator CREATOR
com.pichillilorenzo.flutter_inappwebview.R$id: int action_mode_bar_stub
com.pichillilorenzo.flutter_inappwebview.in_app_browser.InAppBrowserActivity$4
io.flutter.embedding.engine.FlutterJNI: boolean isCodePointEmoji(int)
kotlinx.coroutines.InvokeOnCompletion
kotlin.jvm.internal.FunctionReference: FunctionReference(int)
com.pichillilorenzo.flutter_inappwebview.pull_to_refresh.PullToRefreshLayout$2: PullToRefreshLayout$2(com.pichillilorenzo.flutter_inappwebview.pull_to_refresh.PullToRefreshLayout,com.pichillilorenzo.flutter_inappwebview.pull_to_refresh.PullToRefreshLayout)
com.pichillilorenzo.flutter_inappwebview.in_app_webview.InAppWebView$13
io.flutter.embedding.engine.FlutterJNI: void attachToNative()
com.pichillilorenzo.flutter_inappwebview.R$styleable: int AppCompatTheme_actionBarDivider
com.pichillilorenzo.flutter_inappwebview.in_app_webview.InAppWebView$4$1: void onReceiveValue(java.lang.Object)
com.pichillilorenzo.flutter_inappwebview.MyWebStorage$1: io.flutter.plugin.common.MethodChannel$Result val$result