build/app/outputs/mapping/release/mapping.txt
# compiler: R8
# compiler_version: 2.1.62
# min_api: 21
# pg_map_id: f3b1793
# common_typos_disable
...
com.pierfrancescosoffritti.androidyoutubeplayer.core.player.listeners.AbstractYouTubePlayerListener -> f.c.a.i.a.g.a:
    void onCurrentSecond(com.pierfrancescosoffritti.androidyoutubeplayer.core.player.YouTubePlayer,float) -> b
    void onPlaybackRateChange(com.pierfrancescosoffritti.androidyoutubeplayer.core.player.YouTubePlayer,com.pierfrancescosoffritti.androidyoutubeplayer.core.player.PlayerConstants$PlaybackRate) -> f
    void onApiChange(com.pierfrancescosoffritti.androidyoutubeplayer.core.player.YouTubePlayer) -> g
    void onVideoId(com.pierfrancescosoffritti.androidyoutubeplayer.core.player.YouTubePlayer,java.lang.String) -> i
    void onStateChange(com.pierfrancescosoffritti.androidyoutubeplayer.core.player.YouTubePlayer,com.pierfrancescosoffritti.androidyoutubeplayer.core.player.PlayerConstants$PlayerState) -> j
    void onReady(com.pierfrancescosoffritti.androidyoutubeplayer.core.player.YouTubePlayer) -> l
    void onVideoLoadedFraction(com.pierfrancescosoffritti.androidyoutubeplayer.core.player.YouTubePlayer,float) -> n
    void onError(com.pierfrancescosoffritti.androidyoutubeplayer.core.player.YouTubePlayer,com.pierfrancescosoffritti.androidyoutubeplayer.core.player.PlayerConstants$PlayerError) -> r
    void onVideoDuration(com.pierfrancescosoffritti.androidyoutubeplayer.core.player.YouTubePlayer,float) -> t
com.pierfrancescosoffritti.androidyoutubeplayer.core.player.listeners.YouTubePlayerCallback -> f.c.a.i.a.g.b:
    void onYouTubePlayer(com.pierfrancescosoffritti.androidyoutubeplayer.core.player.YouTubePlayer) -> a
com.pierfrancescosoffritti.androidyoutubeplayer.core.player.listeners.YouTubePlayerFullScreenListener -> f.c.a.i.a.g.c:
    void onYouTubePlayerExitFullScreen() -> c
    void onYouTubePlayerEnterFullScreen() -> k
com.pierfrancescosoffritti.androidyoutubeplayer.core.player.listeners.YouTubePlayerListener -> f.c.a.i.a.g.d:
    void onCurrentSecond(com.pierfrancescosoffritti.androidyoutubeplayer.core.player.YouTubePlayer,float) -> b
    void onPlaybackRateChange(com.pierfrancescosoffritti.androidyoutubeplayer.core.player.YouTubePlayer,com.pierfrancescosoffritti.androidyoutubeplayer.core.player.PlayerConstants$PlaybackRate) -> f
    void onApiChange(com.pierfrancescosoffritti.androidyoutubeplayer.core.player.YouTubePlayer) -> g
    void onVideoId(com.pierfrancescosoffritti.androidyoutubeplayer.core.player.YouTubePlayer,java.lang.String) -> i
    void onStateChange(com.pierfrancescosoffritti.androidyoutubeplayer.core.player.YouTubePlayer,com.pierfrancescosoffritti.androidyoutubeplayer.core.player.PlayerConstants$PlayerState) -> j
    void onReady(com.pierfrancescosoffritti.androidyoutubeplayer.core.player.YouTubePlayer) -> l
    void onVideoLoadedFraction(com.pierfrancescosoffritti.androidyoutubeplayer.core.player.YouTubePlayer,float) -> n
    void onError(com.pierfrancescosoffritti.androidyoutubeplayer.core.player.YouTubePlayer,com.pierfrancescosoffritti.androidyoutubeplayer.core.player.PlayerConstants$PlayerError) -> r
    void onVideoDuration(com.pierfrancescosoffritti.androidyoutubeplayer.core.player.YouTubePlayer,float) -> t
com.pierfrancescosoffritti.androidyoutubeplayer.core.player.options.IFramePlayerOptions -> f.c.a.i.a.h.a:
    com.pierfrancescosoffritti.androidyoutubeplayer.core.player.options.IFramePlayerOptions$Companion Companion -> c
    org.json.JSONObject playerOptions -> a
    com.pierfrancescosoffritti.androidyoutubeplayer.core.player.options.IFramePlayerOptions default -> b
    com.pierfrancescosoffritti.androidyoutubeplayer.core.player.options.IFramePlayerOptions access$getDefault$cp() -> a
    java.lang.String getOrigin$core_release() -> b