build/app/outputs/mapping/release/usage.txt
com.example.testing.R$raw
com.example.testing.R$string
com.example.testing.R$integer
com.example.testing.R$id
com.example.testing.R$anim
com.example.testing.R$menu
com.example.testing.R$layout
com.example.testing.R
com.example.testing.R$dimen
com.example.testing.R$drawable
com.example.testing.BuildConfig
com.example.testing.R$styleable
com.example.testing.R$style
com.example.testing.R$xml
com.example.testing.R$color
com.example.testing.R$interpolator
com.example.testing.R$attr
com.example.testing.R$bool
com.example.testing.R$mipmap
...
com.google.android.exoplayer2.HeartRating
kotlin.text.CharsKt
com.google.common.math.LongMath:
    static final byte[] maxLog10ForLeadingZeros
    static final long[] powersOf10
    static final long[] halfPowersOf10
    static final long[] factorials
    static final int[] biggestBinomials
    static final int[] biggestSimpleBinomials
    private static final long[][] millerRabinBaseSets
androidx.core.provider.RequestExecutor$ReplyRunnable$1:
    final synthetic androidx.core.provider.RequestExecutor$ReplyRunnable this$0
kotlinx.coroutines.channels.AbstractChannelKt:
    public static final kotlinx.coroutines.internal.Symbol ENQUEUE_FAILED
    public static final kotlinx.coroutines.internal.Symbol HANDLER_INVOKED
com.google.android.exoplayer2.upstream.HttpDataSource$HttpDataSourceException:
    public final int type
    public final com.google.android.exoplayer2.upstream.DataSpec dataSpec
androidx.core.provider.CallbackWithHandler$1:
    final synthetic androidx.core.provider.CallbackWithHandler this$0
com.google.android.exoplayer2.upstream.HttpDataSource$InvalidResponseCodeException:
    public final java.lang.String responseMessage
    public final byte[] responseBody
androidx.browser.customtabs.CustomTabsClient$2:
    final synthetic androidx.browser.customtabs.CustomTabsClient this$0
com.google.android.exoplayer2.device.DeviceInfo:
    private static java.lang.String keyForField(int)
    static synthetic com.google.android.exoplayer2.device.DeviceInfo lambda$static$0(android.os.Bundle)
    public static final com.google.android.exoplayer2.device.DeviceInfo UNKNOWN
    public static final com.google.android.exoplayer2.Bundleable$Creator CREATOR
kotlin.random.RandomKt
com.google.android.exoplayer2.trackselection.DefaultTrackSelector$Parameters:
    public static final com.google.android.exoplayer2.trackselection.DefaultTrackSelector$Parameters DEFAULT_WITHOUT_CONTEXT
androidx.arch.core.executor.DefaultTaskExecutor$1:
    final synthetic androidx.arch.core.executor.DefaultTaskExecutor this$0
com.google.android.exoplayer2.util.BundleUtil
androidx.fragment.app.Fragment:
    java.lang.Runnable mPostponedDurationRunnable
androidx.appcompat.widget.ActionBarContextView$1:
    final synthetic androidx.appcompat.widget.ActionBarContextView this$0
com.google.android.exoplayer2.Rating:
    void <init>()
    private static com.google.android.exoplayer2.Rating fromBundle(android.os.Bundle)
    private static java.lang.String keyForField(int)
    static void <clinit>()
    public static synthetic com.google.android.exoplayer2.Rating lambda$S87uZHR0r4DpwOSwqteylD8fJ5w(android.os.Bundle)
    public static final com.google.android.exoplayer2.Bundleable$Creator CREATOR
com.google.android.exoplayer2.source.LoadEventInfo:
    public final long loadTaskId
    public final com.google.android.exoplayer2.upstream.DataSpec dataSpec
    public final android.net.Uri uri
    public final java.util.Map responseHeaders
    public final long elapsedRealtimeMs
    public final long bytesLoaded
okhttp3.internal.Util:
    public static final okhttp3.RequestBody EMPTY_REQUEST
    private static final okio.Options UNICODE_BOMS
    private static final java.nio.charset.Charset UTF_32BE
    private static final java.nio.charset.Charset UTF_32LE
androidx.core.view.WindowInsetsControllerCompat$Impl20:
    private final android.view.View mView
com.google.android.exoplayer2.MediaMetadata:
    private static com.google.android.exoplayer2.MediaMetadata fromBundle(android.os.Bundle)
    private static java.lang.String keyForField(int)
    public static synthetic com.google.android.exoplayer2.MediaMetadata lambda$n4bc9ZFXKwAHBWPswIbYNYyZRds(android.os.Bundle)
kotlin.random.AbstractPlatformRandom:
    public int nextBits(int)